<?xml version="1.0" encoding="UTF-8"?>
<!-- Generated by org.testng.reporters.JUnitXMLReporter -->
<testsuite ignored="3" hostname="DESKTOP-1HAR8JH" failures="0" tests="1" name="Test123(failed)" time="0.134" errors="0" timestamp="2022-09-22T13:34:34 IST">
  <testcase classname="TestPack.TestNgPractices" name="test3" time="0.021"/>
  <testcase classname="TestPack.TestNgPractices" name="test1" time="0.0">
    <ignored/>
  </testcase> <!-- test1 -->
  <testcase classname="TestPack.TestNgPractices" name="test4" time="0.0">
    <ignored/>
  </testcase> <!-- test4 -->
  <testcase classname="TestPack.TestNgPractices" name="test2" time="0.0">
    <ignored/>
  </testcase> <!-- test2 -->
</testsuite> <!-- Test123(failed) -->
